<?xml version="1.0" encoding="UTF-8"?>
<!-- Generated by org.testng.reporters.JUnitReportReporter -->
<testsuite skipped="0" hostname="DESKTOP-CT4QI35" name="Dataproviderconcept.Checkdataprovider" tests="5" failures="0" timestamp="03 Aug 2019 07:05:59 GMT" time="262.622" errors="0">
  <testcase name="logintest" time="55.952" classname="Dataproviderconcept.Checkdataprovider"/>
  <testcase name="logintest" time="51.018" classname="Dataproviderconcept.Checkdataprovider"/>
  <testcase name="logintest" time="53.078" classname="Dataproviderconcept.Checkdataprovider"/>
  <testcase name="logintest" time="51.548" classname="Dataproviderconcept.Checkdataprovider"/>
  <testcase name="logintest" time="51.026" classname="Dataproviderconcept.Checkdataprovider"/>
</testsuite> <!-- Dataproviderconcept.Checkdataprovider -->
